Connecting to database specified by database.yml
Connecting to database specified by database.yml
Compiled jquery.js  (40ms)  (pid 79270)
Compiled jquery-ui.js  (7ms)  (pid 79270)
Compiled jquery_ujs.js  (0ms)  (pid 79270)
Compiled badges_shake.js  (0ms)  (pid 79270)
Compiled cart_line_items.js  (1093ms)  (pid 79270)
Compiled carts.js  (85ms)  (pid 79270)
Compiled colour_text.js  (0ms)  (pid 79270)
Compiled comments.js  (81ms)  (pid 79270)
Compiled divVis.js  (0ms)  (pid 79270)
Compiled galleries.js  (128ms)  (pid 79270)
Compiled grid.js  (123ms)  (pid 79270)
Compiled line_items.js  (104ms)  (pid 79270)
Compiled orders.js  (123ms)  (pid 79270)
Compiled posts.js  (120ms)  (pid 79270)
Compiled row_show.js  (0ms)  (pid 79270)
Compiled row_vis.js  (0ms)  (pid 79270)
Compiled rows.js  (0ms)  (pid 79270)
Compiled rows.js  (86ms)  (pid 79270)
Compiled sessions.js  (93ms)  (pid 79270)
Compiled shapes.js  (167ms)  (pid 79270)
Compiled slide.js  (0ms)  (pid 79270)
Compiled users.js  (119ms)  (pid 79270)
Compiled application.js  (2750ms)  (pid 79270)
Compiled cart_line_items.css  (1ms)  (pid 79270)
Compiled carts.css  (10ms)  (pid 79270)
Compiled comments.css  (1ms)  (pid 79270)
Compiled galleries.css  (11ms)  (pid 79270)
Compiled grid.css  (8ms)  (pid 79270)
Compiled line_items.css  (1ms)  (pid 79270)
Compiled orders.css  (1ms)  (pid 79270)
Compiled posts.css  (2ms)  (pid 79270)
Compiled rows.css  (0ms)  (pid 79270)
Compiled scaffolds.css  (14ms)  (pid 79270)
Compiled sessions.css  (1ms)  (pid 79270)
Compiled shapes.css  (28ms)  (pid 79270)
Compiled users.css  (1ms)  (pid 79270)
Compiled application.css  (577ms)  (pid 79270)
Connecting to database specified by database.yml
Compiled jquery.js  (2ms)  (pid 79270)
Compiled jquery-ui.js  (7ms)  (pid 79270)
Compiled jquery_ujs.js  (0ms)  (pid 79270)
Compiled badges_shake.js  (0ms)  (pid 79270)
Compiled cart_line_items.js  (474ms)  (pid 79270)
Compiled carts.js  (92ms)  (pid 79270)
Compiled colour_text.js  (0ms)  (pid 79270)
Compiled comments.js  (87ms)  (pid 79270)
Compiled divVis.js  (0ms)  (pid 79270)
Compiled galleries.js  (81ms)  (pid 79270)
Compiled grid.js  (87ms)  (pid 79270)
Compiled line_items.js  (76ms)  (pid 79270)
Compiled orders.js  (108ms)  (pid 79270)
Compiled posts.js  (93ms)  (pid 79270)
Compiled row_show.js  (0ms)  (pid 79270)
Compiled row_vis.js  (0ms)  (pid 79270)
Compiled rows.js  (0ms)  (pid 79270)
Compiled rows.js  (76ms)  (pid 79270)
Compiled sessions.js  (80ms)  (pid 79270)
Compiled shapes.js  (112ms)  (pid 79270)
Compiled slide.js  (0ms)  (pid 79270)
Compiled users.js  (88ms)  (pid 79270)
Compiled application.js  (1865ms)  (pid 79270)
Compiled cart_line_items.css  (1ms)  (pid 79270)
Compiled carts.css  (10ms)  (pid 79270)
Compiled comments.css  (1ms)  (pid 79270)
Compiled galleries.css  (11ms)  (pid 79270)
Compiled grid.css  (10ms)  (pid 79270)
Compiled line_items.css  (1ms)  (pid 79270)
Compiled orders.css  (1ms)  (pid 79270)
Compiled posts.css  (2ms)  (pid 79270)
Compiled rows.css  (1ms)  (pid 79270)
Compiled scaffolds.css  (37ms)  (pid 79270)
Compiled sessions.css  (1ms)  (pid 79270)
Compiled shapes.css  (28ms)  (pid 79270)
Compiled users.css  (1ms)  (pid 79270)
Compiled application.css  (509ms)  (pid 79270)
